# JRE version: Java(TM) SE Runtime Environment (8.0_191-b12) (build 1.8.0_191-b12)
# Java VM: Java HotSpot(TM) Client VM (25.191-b12 mixed mode windows-x86 )
Heap:
 def new generation   total 4928K, used 618K [0x04a00000, 0x04f50000, 0x09f50000)
  eden space 4416K,  14% used [0x04a00000, 0x04a9a9d0, 0x04e50000)
  from space 512K,   0% used [0x04e50000, 0x04e501b0, 0x04ed0000)
  to   space 512K,   0% used [0x04ed0000, 0x04ed0000, 0x04f50000)
 tenured generation   total 10944K, used 255K [0x09f50000, 0x0aa00000, 0x14a00000)
   the space 10944K,   2% used [0x09f50000, 0x09f8fec8, 0x09f90000, 0x0aa00000)
 Metaspace       used 1695K, capacity 2248K, committed 2368K, reserved 4480K
GC Heap History (10 events):
Event: 825.997 GC heap before
{Heap before GC invocations=257 (full 0):
 def new generation   total 4928K, used 4416K [0x04a00000, 0x04f50000, 0x09f50000)
  eden space 4416K, 100% used [0x04a00000, 0x04e50000, 0x04e50000)
  from space 512K,   0% used [0x04ed0000, 0x04ed01b0, 0x04f50000)
  to   space 512K,   0% used [0x04e50000, 0x04e50000, 0x04ed0000)
 tenured generation   total 10944K, used 255K [0x09f50000, 0x0aa00000, 0x14a00000)
   the space 10944K,   2% used [0x09f50000, 0x09f8fec8, 0x09f90000, 0x0aa00000)
 Metaspace       used 1695K, capacity 2248K, committed 2368K, reserved 4480K
Event: 825.997 GC heap after
Heap after GC invocations=258 (full 0):
 def new generation   total 4928K, used 0K [0x04a00000, 0x04f50000, 0x09f50000)
  eden space 4416K,   0% used [0x04a00000, 0x04a00000, 0x04e50000)
  from space 512K,   0% used [0x04e50000, 0x04e501e8, 0x04ed0000)
  to   space 512K,   0% used [0x04ed0000, 0x04ed0000, 0x04f50000)
 tenured generation   total 10944K, used 255K [0x09f50000, 0x0aa00000, 0x14a00000)
   the space 10944K,   2% used [0x09f50000, 0x09f8fec8, 0x09f90000, 0x0aa00000)
 Metaspace       used 1695K, capacity 2248K, committed 2368K, reserved 4480K
}
Event: 828.664 GC heap before
{Heap before GC invocations=258 (full 0):
 def new generation   total 4928K, used 4416K [0x04a00000, 0x04f50000, 0x09f50000)
  eden space 4416K, 100% used [0x04a00000, 0x04e50000, 0x04e50000)
  from space 512K,   0% used [0x04e50000, 0x04e501e8, 0x04ed0000)
  to   space 512K,   0% used [0x04ed0000, 0x04ed0000, 0x04f50000)
 tenured generation   total 10944K, used 255K [0x09f50000, 0x0aa00000, 0x14a00000)
   the space 10944K,   2% used [0x09f50000, 0x09f8fec8, 0x09f90000, 0x0aa00000)
 Metaspace       used 1695K, capacity 2248K, committed 2368K, reserved 4480K
Event: 828.664 GC heap after
Heap after GC invocations=259 (full 0):
 def new generation   total 4928K, used 0K [0x04a00000, 0x04f50000, 0x09f50000)
  eden space 4416K,   0% used [0x04a00000, 0x04a00000, 0x04e50000)
  from space 512K,   0% used [0x04ed0000, 0x04ed0268, 0x04f50000)
  to   space 512K,   0% used [0x04e50000, 0x04e50000, 0x04ed0000)
 tenured generation   total 10944K, used 255K [0x09f50000, 0x0aa00000, 0x14a00000)
   the space 10944K,   2% used [0x09f50000, 0x09f8fec8, 0x09f90000, 0x0aa00000)
 Metaspace       used 1695K, capacity 2248K, committed 2368K, reserved 4480K
}
Event: 831.431 GC heap before
{Heap before GC invocations=259 (full 0):
 def new generation   total 4928K, used 4416K [0x04a00000, 0x04f50000, 0x09f50000)
  eden space 4416K, 100% used [0x04a00000, 0x04e50000, 0x04e50000)
  from space 512K,   0% used [0x04ed0000, 0x04ed0268, 0x04f50000)
  to   space 512K,   0% used [0x04e50000, 0x04e50000, 0x04ed0000)
 tenured generation   total 10944K, used 255K [0x09f50000, 0x0aa00000, 0x14a00000)
   the space 10944K,   2% used [0x09f50000, 0x09f8fec8, 0x09f90000, 0x0aa00000)
 Metaspace       used 1695K, capacity 2248K, committed 2368K, reserved 4480K
Event: 831.431 GC heap after
Heap after GC invocations=260 (full 0):
 def new generation   total 4928K, used 0K [0x04a00000, 0x04f50000, 0x09f50000)
  eden space 4416K,   0% used [0x04a00000, 0x04a00000, 0x04e50000)
  from space 512K,   0% used [0x04e50000, 0x04e50360, 0x04ed0000)
  to   space 512K,   0% used [0x04ed0000, 0x04ed0000, 0x04f50000)
 tenured generation   total 10944K, used 255K [0x09f50000, 0x0aa00000, 0x14a00000)
   the space 10944K,   2% used [0x09f50000, 0x09f8fec8, 0x09f90000, 0x0aa00000)
 Metaspace       used 1695K, capacity 2248K, committed 2368K, reserved 4480K
}
Event: 834.194 GC heap before
{Heap before GC invocations=260 (full 0):
 def new generation   total 4928K, used 4416K [0x04a00000, 0x04f50000, 0x09f50000)
  eden space 4416K, 100% used [0x04a00000, 0x04e50000, 0x04e50000)
  from space 512K,   0% used [0x04e50000, 0x04e50360, 0x04ed0000)
  to   space 512K,   0% used [0x04ed0000, 0x04ed0000, 0x04f50000)
 tenured generation   total 10944K, used 255K [0x09f50000, 0x0aa00000, 0x14a00000)
   the space 10944K,   2% used [0x09f50000, 0x09f8fec8, 0x09f90000, 0x0aa00000)
 Metaspace       used 1695K, capacity 2248K, committed 2368K, reserved 4480K
Event: 834.194 GC heap after
Heap after GC invocations=261 (full 0):
 def new generation   total 4928K, used 0K [0x04a00000, 0x04f50000, 0x09f50000)
  eden space 4416K,   0% used [0x04a00000, 0x04a00000, 0x04e50000)
  from space 512K,   0% used [0x04ed0000, 0x04ed0248, 0x04f50000)
  to   space 512K,   0% used [0x04e50000, 0x04e50000, 0x04ed0000)
 tenured generation   total 10944K, used 255K [0x09f50000, 0x0aa00000, 0x14a00000)
   the space 10944K,   2% used [0x09f50000, 0x09f8fec8, 0x09f90000, 0x0aa00000)
 Metaspace       used 1695K, capacity 2248K, committed 2368K, reserved 4480K
}
Event: 837.250 GC heap before
{Heap before GC invocations=261 (full 0):
 def new generation   total 4928K, used 4416K [0x04a00000, 0x04f50000, 0x09f50000)
  eden space 4416K, 100% used [0x04a00000, 0x04e50000, 0x04e50000)
  from space 512K,   0% used [0x04ed0000, 0x04ed0248, 0x04f50000)
  to   space 512K,   0% used [0x04e50000, 0x04e50000, 0x04ed0000)
 tenured generation   total 10944K, used 255K [0x09f50000, 0x0aa00000, 0x14a00000)
   the space 10944K,   2% used [0x09f50000, 0x09f8fec8, 0x09f90000, 0x0aa00000)
 Metaspace       used 1695K, capacity 2248K, committed 2368K, reserved 4480K
Event: 837.250 GC heap after
Heap after GC invocations=262 (full 0):
 def new generation   total 4928K, used 0K [0x04a00000, 0x04f50000, 0x09f50000)
  eden space 4416K,   0% used [0x04a00000, 0x04a00000, 0x04e50000)
  from space 512K,   0% used [0x04e50000, 0x04e501b0, 0x04ed0000)
  to   space 512K,   0% used [0x04ed0000, 0x04ed0000, 0x04f50000)
 tenured generation   total 10944K, used 255K [0x09f50000, 0x0aa00000, 0x14a00000)
   the space 10944K,   2% used [0x09f50000, 0x09f8fec8, 0x09f90000, 0x0aa00000)
 Metaspace       used 1695K, capacity 2248K, committed 2368K, reserved 4480K
}

